2025-08-04 16:14:54,972 - INFO - PyPDF2 extraiu 3330 caracteres de 31250107121298000137550010000035051007135058-nfe.pdf
2025-08-04 16:14:54,974 - INFO - CNPJs válidos encontrados: ['07.121.298/0001-37', '16.642.662/0004-48']
2025-08-04 16:14:54,975 - INFO - CNPJ destinatário identificado por contexto: 07.121.298/0001-37
2025-08-04 16:14:54,976 - INFO - CNPJ emitente identificado por contexto: 16.642.662/0004-48
2025-08-04 16:14:54,976 - INFO - Consultando dados do emitente: 16.642.662/0004-48
2025-08-04 16:14:55,477 - INFO - Consultando CNPJ na API: 16642662000448
2025-08-04 16:14:55,939 - INFO - Consultando dados do destinatário: 07.121.298/0001-37
2025-08-04 16:14:56,440 - INFO - Consultando CNPJ na API: 07121298000137
2025-08-04 16:14:56,540 - INFO - PyPDF2 extraiu 2949 caracteres de 31250107121298000137550010000035071007135079-nfe - Copia.pdf
2025-08-04 16:14:56,542 - INFO - CNPJs válidos encontrados: ['07.121.298/0001-37', '07.358.761/0019-98']
2025-08-04 16:14:56,542 - INFO - CNPJ destinatário identificado por contexto: 07.121.298/0001-37
2025-08-04 16:14:56,542 - INFO - CNPJ emitente identificado por contexto: 07.358.761/0019-98
2025-08-04 16:14:56,543 - INFO - Consultando dados do emitente: 07.358.761/0019-98
2025-08-04 16:14:57,044 - INFO - Consultando CNPJ na API: 07358761001998
2025-08-04 16:14:57,789 - INFO - Consultando dados do destinatário: 07.121.298/0001-37
2025-08-04 16:14:57,836 - INFO - PyPDF2 extraiu 2949 caracteres de 31250107121298000137550010000035071007135079-nfe.pdf
2025-08-04 16:14:57,837 - INFO - CNPJs válidos encontrados: ['07.121.298/0001-37', '07.358.761/0019-98']
2025-08-04 16:14:57,838 - INFO - CNPJ destinatário identificado por contexto: 07.121.298/0001-37
2025-08-04 16:14:57,838 - INFO - CNPJ emitente identificado por contexto: 07.358.761/0019-98
2025-08-04 16:14:57,838 - INFO - Consultando dados do emitente: 07.358.761/0019-98
2025-08-04 16:14:57,838 - INFO - Consultando dados do destinatário: 07.121.298/0001-37
2025-08-04 16:14:57,930 - INFO - PyPDF2 extraiu 3160 caracteres de OY233500662BR_004.pdf
2025-08-04 16:14:57,932 - INFO - CNPJs válidos encontrados: ['05.742.826/0001-40', '16.642.662/0004-48']
2025-08-04 16:14:57,933 - INFO - CNPJs atribuídos por ordem: Emitente=05.742.826/0001-40, Destinatário=16.642.662/0004-48
2025-08-04 16:14:57,933 - INFO - Consultando dados do emitente: 05.742.826/0001-40
2025-08-04 16:14:58,434 - INFO - Consultando CNPJ na API: 05742826000140
2025-08-04 16:14:58,900 - INFO - Consultando dados do destinatário: 16.642.662/0004-48
2025-08-04 16:14:58,906 - INFO - 
============================================================
2025-08-04 16:14:58,908 - INFO - ============================================================
2025-08-04 16:14:58,958 - INFO - ============================================================
