2025-08-17 14:56:59,752 - INFO - INICIANDO PROCESSAMENTO - MATERIAIS RECICLÁVEIS
2025-08-17 14:56:59,758 - INFO - Processando 5 arquivos PDF
2025-08-17 14:56:59,760 - INFO - Processando: 3. SEI_1370.01.0013128_2025_46.pdf
2025-08-17 14:57:04,490 - INFO - ✓ 3. SEI_1370.01.0013128_2025_46.pdf - 33 itens (METAL, PAPEL, PLASTICO)
2025-08-17 14:57:04,507 - INFO - Processando: 31250107121298000137550010000035051007135058-nfe.pdf
2025-08-17 14:57:07,008 - INFO - ✓ 31250107121298000137550010000035051007135058-nfe.pdf - 4 itens (PAPEL, PLASTICO)
2025-08-17 14:57:07,010 - INFO - Processando: 31250107121298000137550010000035071007135079-nfe - Copia.pdf
2025-08-17 14:57:08,460 - INFO - ✓ 31250107121298000137550010000035071007135079-nfe - Copia.pdf - 1 itens (METAL)
2025-08-17 14:57:08,470 - INFO - Processando: 31250107121298000137550010000035071007135079-nfe.pdf
2025-08-17 14:57:08,712 - INFO - ✓ 31250107121298000137550010000035071007135079-nfe.pdf - 1 itens (METAL)
2025-08-17 14:57:08,720 - INFO - Processando: OY233500662BR_004.pdf
2025-08-17 14:57:10,555 - INFO - ✔ Planilha salva: C:\Users\Gabriel\Documents\nf-automate-py\output\materiais_reciclaveis_20250817_145710.xlsx
2025-08-17 14:57:10,560 - INFO - ✅ 39 itens processados - C:\Users\Gabriel\Documents\nf-automate-py\output\materiais_reciclaveis_20250817_145710.xlsx
2025-08-17 14:57:10,740 - INFO - Valor total: R$ 355,996.00
2025-08-17 14:57:10,740 - INFO - PLASTICO: 25 itens
2025-08-17 14:57:10,751 - INFO - PAPEL: 9 itens
2025-08-17 14:57:10,760 - INFO - METAL: 5 itens
2025-08-17 14:57:10,770 - WARNING - Arquivos sem materiais: OY233500662BR_004.pdf
2025-08-17 14:57:10,770 - INFO - Processamento concluído!
2025-08-17 15:06:27,457 - INFO - INICIANDO PROCESSAMENTO - MATERIAIS RECICLÁVEIS
2025-08-17 15:06:27,460 - INFO - Processando 5 arquivos PDF
2025-08-17 15:06:27,464 - INFO - Processando: 3. SEI_1370.01.0013128_2025_46.pdf
2025-08-17 15:06:31,383 - INFO - ✓ 3. SEI_1370.01.0013128_2025_46.pdf - 33 itens (PLASTICO, PAPEL, METAL)
2025-08-17 15:06:31,393 - INFO - Processando: 31250107121298000137550010000035051007135058-nfe.pdf
2025-08-17 15:06:33,203 - INFO - ✓ 31250107121298000137550010000035051007135058-nfe.pdf - 4 itens (PLASTICO, PAPEL)
2025-08-17 15:06:33,203 - INFO - Processando: 31250107121298000137550010000035071007135079-nfe - Copia.pdf
2025-08-17 15:06:34,197 - INFO - ✓ 31250107121298000137550010000035071007135079-nfe - Copia.pdf - 1 itens (METAL)
2025-08-17 15:06:34,203 - INFO - Processando: 31250107121298000137550010000035071007135079-nfe.pdf
2025-08-17 15:06:34,443 - INFO - ✓ 31250107121298000137550010000035071007135079-nfe.pdf - 1 itens (METAL)
2025-08-17 15:06:34,443 - INFO - Processando: OY233500662BR_004.pdf
2025-08-17 15:06:35,528 - INFO - ✔ Dados salvos em: C:\Users\Gabriel\Documents\nf-automate-py\Sheets.xlsx
2025-08-17 15:06:35,528 - INFO - ✅ 39 itens processados - C:\Users\Gabriel\Documents\nf-automate-py\Sheets.xlsx
2025-08-17 15:06:35,673 - INFO - Valor total: R$ 355,996.00
2025-08-17 15:06:35,683 - INFO - PLASTICO: 25 itens
2025-08-17 15:06:35,693 - INFO - PAPEL: 9 itens
2025-08-17 15:06:35,708 - INFO - METAL: 5 itens
2025-08-17 15:06:35,713 - WARNING - Arquivos sem materiais: OY233500662BR_004.pdf
2025-08-17 15:06:35,718 - INFO - Processamento concluído!
2025-08-17 15:07:18,494 - INFO - INICIANDO PROCESSAMENTO - MATERIAIS RECICLÁVEIS
2025-08-17 15:07:18,499 - INFO - Processando 5 arquivos PDF
2025-08-17 15:07:18,504 - INFO - Processando: 3. SEI_1370.01.0013128_2025_46.pdf
2025-08-17 15:07:22,357 - INFO - ✓ 3. SEI_1370.01.0013128_2025_46.pdf - 33 itens (PAPEL, METAL, PLASTICO)
2025-08-17 15:07:22,369 - INFO - Processando: 31250107121298000137550010000035051007135058-nfe.pdf
2025-08-17 15:07:24,173 - INFO - ✓ 31250107121298000137550010000035051007135058-nfe.pdf - 4 itens (PAPEL, PLASTICO)
2025-08-17 15:07:24,184 - INFO - Processando: 31250107121298000137550010000035071007135079-nfe - Copia.pdf
2025-08-17 15:07:25,151 - INFO - ✓ 31250107121298000137550010000035071007135079-nfe - Copia.pdf - 1 itens (METAL)
2025-08-17 15:07:25,161 - INFO - Processando: 31250107121298000137550010000035071007135079-nfe.pdf
2025-08-17 15:07:25,401 - INFO - ✓ 31250107121298000137550010000035071007135079-nfe.pdf - 1 itens (METAL)
2025-08-17 15:07:25,409 - INFO - Processando: OY233500662BR_004.pdf
2025-08-17 15:07:33,561 - INFO - ✔ Dados salvos em: C:\Users\Gabriel\Documents\nf-automate-py\Sheets.xlsx
2025-08-17 15:07:33,561 - INFO - ✅ 39 itens processados - C:\Users\Gabriel\Documents\nf-automate-py\Sheets.xlsx
2025-08-17 15:07:33,711 - INFO - Valor total: R$ 355,996.00
2025-08-17 15:07:33,721 - INFO - PLASTICO: 25 itens
2025-08-17 15:07:33,721 - INFO - PAPEL: 9 itens
2025-08-17 15:07:33,731 - INFO - METAL: 5 itens
2025-08-17 15:07:33,741 - WARNING - Arquivos sem materiais: OY233500662BR_004.pdf
2025-08-17 15:07:33,761 - INFO - Processamento concluído!
2025-08-17 15:10:02,954 - INFO - INICIANDO PROCESSAMENTO - MATERIAIS RECICLÁVEIS
2025-08-17 15:10:02,957 - INFO - Processando 5 arquivos PDF
2025-08-17 15:10:02,961 - INFO - Processando: 3. SEI_1370.01.0013128_2025_46.pdf
2025-08-17 15:10:06,905 - INFO - ✓ 3. SEI_1370.01.0013128_2025_46.pdf - 33 itens (METAL, PLASTICO, PAPEL)
2025-08-17 15:10:06,913 - INFO - Processando: 31250107121298000137550010000035051007135058-nfe.pdf
2025-08-17 15:10:08,737 - INFO - ✓ 31250107121298000137550010000035051007135058-nfe.pdf - 4 itens (PLASTICO, PAPEL)
2025-08-17 15:10:08,743 - INFO - Processando: 31250107121298000137550010000035071007135079-nfe - Copia.pdf
2025-08-17 15:10:09,706 - INFO - ✓ 31250107121298000137550010000035071007135079-nfe - Copia.pdf - 1 itens (METAL)
2025-08-17 15:10:09,716 - INFO - Processando: 31250107121298000137550010000035071007135079-nfe.pdf
2025-08-17 15:10:09,956 - INFO - ✓ 31250107121298000137550010000035071007135079-nfe.pdf - 1 itens (METAL)
2025-08-17 15:10:09,966 - INFO - Processando: OY233500662BR_004.pdf
2025-08-17 15:10:14,040 - INFO - ✔ Dados salvos em: C:\Users\Gabriel\Documents\nf-automate-py\Sheets.xlsx
2025-08-17 15:10:14,040 - INFO - ✅ 39 itens processados - C:\Users\Gabriel\Documents\nf-automate-py\Sheets.xlsx
2025-08-17 15:10:14,186 - INFO - Valor total: R$ 355,996.00
2025-08-17 15:10:14,196 - INFO - PLASTICO: 25 itens
2025-08-17 15:10:14,206 - INFO - PAPEL: 9 itens
2025-08-17 15:10:14,206 - INFO - METAL: 5 itens
2025-08-17 15:10:14,216 - WARNING - Arquivos sem materiais: OY233500662BR_004.pdf
2025-08-17 15:10:14,226 - INFO - Processamento concluído!
2025-08-17 15:13:32,770 - INFO - INICIANDO PROCESSAMENTO - MATERIAIS RECICLÁVEIS
2025-08-17 15:13:32,773 - INFO - Processando 5 arquivos PDF
2025-08-17 15:13:32,778 - INFO - Processando: 3. SEI_1370.01.0013128_2025_46.pdf
2025-08-17 15:13:36,769 - INFO - ✓ 3. SEI_1370.01.0013128_2025_46.pdf - 33 itens (PLASTICO, PAPEL, METAL)
2025-08-17 15:13:36,778 - INFO - Processando: 31250107121298000137550010000035051007135058-nfe.pdf
2025-08-17 15:13:38,528 - INFO - ✓ 31250107121298000137550010000035051007135058-nfe.pdf - 4 itens (PLASTICO, PAPEL)
2025-08-17 15:13:38,528 - INFO - Processando: 31250107121298000137550010000035071007135079-nfe - Copia.pdf
2025-08-17 15:13:39,618 - INFO - ✓ 31250107121298000137550010000035071007135079-nfe - Copia.pdf - 1 itens (METAL)
2025-08-17 15:13:39,623 - INFO - Processando: 31250107121298000137550010000035071007135079-nfe.pdf
2025-08-17 15:13:39,873 - INFO - ✓ 31250107121298000137550010000035071007135079-nfe.pdf - 1 itens (METAL)
2025-08-17 15:13:39,883 - INFO - Processando: OY233500662BR_004.pdf
2025-08-17 15:13:44,316 - INFO - ✔ Dados salvos em: C:\Users\Gabriel\Documents\nf-automate-py\Sheets.xlsx
2025-08-17 15:13:44,318 - INFO - ✅ 39 itens processados - C:\Users\Gabriel\Documents\nf-automate-py\Sheets.xlsx
2025-08-17 15:13:44,468 - INFO - Valor total: R$ 355,996.00
2025-08-17 15:13:44,468 - INFO - PLASTICO: 25 itens
2025-08-17 15:13:44,478 - INFO - PAPEL: 9 itens
2025-08-17 15:13:44,478 - INFO - METAL: 5 itens
2025-08-17 15:13:44,488 - WARNING - Arquivos sem materiais: OY233500662BR_004.pdf
2025-08-17 15:13:44,498 - INFO - Processamento concluído!
2025-08-17 15:17:08,095 - INFO - INICIANDO PROCESSAMENTO - MATERIAIS RECICLÁVEIS
2025-08-17 15:17:08,097 - INFO - Processando 5 arquivos PDF
2025-08-17 15:17:08,101 - INFO - Processando: 3. SEI_1370.01.0013128_2025_46.pdf
2025-08-17 15:17:12,017 - INFO - ✓ 3. SEI_1370.01.0013128_2025_46.pdf - 33 itens (METAL, PLASTICO, PAPEL)
2025-08-17 15:17:12,027 - INFO - Processando: 31250107121298000137550010000035051007135058-nfe.pdf
2025-08-17 15:17:13,845 - INFO - ✓ 31250107121298000137550010000035051007135058-nfe.pdf - 4 itens (PLASTICO, PAPEL)
2025-08-17 15:17:13,853 - INFO - Processando: 31250107121298000137550010000035071007135079-nfe - Copia.pdf
2025-08-17 15:17:14,825 - INFO - ✓ 31250107121298000137550010000035071007135079-nfe - Copia.pdf - 1 itens (METAL)
2025-08-17 15:17:14,832 - INFO - Processando: 31250107121298000137550010000035071007135079-nfe.pdf
2025-08-17 15:17:15,077 - INFO - ✓ 31250107121298000137550010000035071007135079-nfe.pdf - 1 itens (METAL)
2025-08-17 15:17:15,085 - INFO - Processando: OY233500662BR_004.pdf
2025-08-17 15:17:22,562 - INFO - ✔ Dados salvos em: C:\Users\Gabriel\Documents\nf-automate-py\Sheets.xlsx
2025-08-17 15:17:22,572 - INFO - ✅ 39 itens processados - C:\Users\Gabriel\Documents\nf-automate-py\Sheets.xlsx
2025-08-17 15:17:22,722 - INFO - Valor total: R$ 355,996.00
2025-08-17 15:17:22,737 - INFO - PLASTICO: 25 itens
2025-08-17 15:17:22,761 - INFO - PAPEL: 9 itens
2025-08-17 15:17:22,768 - INFO - METAL: 5 itens
2025-08-17 15:17:22,768 - WARNING - Arquivos sem materiais: OY233500662BR_004.pdf
2025-08-17 15:17:22,791 - INFO - Processamento concluído!
